Solid Edge Translation To obj
Date: Wednesday,December 11,2024 01:42AM
Output File: C:\Users\Lenovo\OneDrive\Skrivbord\Ekranoplan\Manta\Design\V2\assembly_complete.obj
Author: Unknown
Organization: Unknown
Source System: SOLID EDGE

Hardware:
Processor: Intel(R) Core(TM) i7-8650U CPU @ 1.90GHz
Operating System: Windows 10 Professional
Installed Memory: 15.83 GB

Software Information:
Parasolid Version: 35.0.149
PSBodyshop Version: 35.0.82
OBJ Adapter Version: 11.0.82
Solid Edge Version: 223.00.00.101 x64

OBJ Export Options:
Export Construction Solids:Off
Export Displayed Parts:Off
Export Construction Sheets:Off
Enable Logging:On
Export Textures:Off
Export Flatten Assembly:On
Export Construction Solids and Sheets if design bodies not present:Off
Export Units:Millimeters
Export Tolerance Value:1.250000
Export Tolerance Type:Custom
Export Surface Plane Angle Value:0.523599

Translation progress:
Translation process completed
Time required to translate:00 : 01 : 19
