STEP translation to Solid Edge
Date: Sunday,December 01,2024 03:16PM
Source File: C:\Users\Lenovo\OneDrive\Skrivbord\Ekranoplan\Manta\Prototype\V2\electronics\sensors\TF-Luna\Sensor LUNA.STEP
Author: Unknown
Organization: Unknown
Source System: SolidWorks 2020

Hardware:
Processor: Intel(R) Core(TM) i7-8650U CPU @ 1.90GHz
Operating System: Windows 11 Professional Version:24H2 Build:26100 System Type:64-bit
Installed Memory: 15.83 GB

Software Information
Parasolid Version: 35.0.149
PSBodyShop Version: 35.0.82
Step Adapter Version: 11.0.82
Solid Edge Version: 223.00.00.101 x64

Step Import Options
Import Faceted Bodies: On
Import Check Bodies: Off
Import Curves: On
Import DoNotSave: On
Import Multiple Bodies As Single Part File: On
Import Stitch Surfaces: On
Import Boolean Solids: On
Make Base Feature: On
Simplify Geometry: On
Import Imprint Curves: On
Import Drive: C:
Import Stitch Surfaces: On
Import Surfaces: On
Import Output Path: C:\Users\Lenovo\OneDrive\Skrivbord\Ekranoplan\Manta\Prototype\V2\electronics\sensors\TF-Luna
Import Enable Default Output Path: On
Import PMI: Off
Import As Internal Components: Off
Import Path: 

Translating to Parasolid data types...
Placing C:\Users\Lenovo\OneDrive\Skrivbord\Ekranoplan\Manta\Prototype\V2\electronics\sensors\TF-Luna\Sensor LUNA.par
Translation process completed
Total time required to translate and post process:00 : 00 : 01
