Solid Edge Translation to STL
Date: Wednesday,December 11,2024 04:54PM
Source File:C:\Users\Lenovo\OneDrive\Skrivbord\Ekranoplan\Manta\Design\V4\fuselage\shell_top_1.par
Source System: SOLID EDGE

Hardware:
Processor: Intel(R) Core(TM) i7-8650U CPU @ 1.90GHz
Operating System: Windows 10 Professional
Installed Memory: 15.83 GB

Software Information:
Parasolid Version: 35.0.149
PSBodyshop Version: 35.0.82
Solid Edge Version: 223.00.00.101 x64

STL Export Options:
Output File Format:BINARY
Export Displayed Parts:Off
structureOption: Monolithic
Export Units:Millimeter
Export Tolerance Value:0.001000
Export Tolerance Type:Fine
Export Surface Plane Angle Value:0.523599

Translation progress:
Phase 1 of 2 Fetching Parasolid information...
Phase 2 of 2 Translating Parasolid to foreign data types...
Number of STL file Created : 1
Translation process completed
Time required to translate:00 : 00 : 02
