STEP translation to Solid Edge
Date: Sunday,December 01,2024 03:36PM
Source File: C:\Users\Lenovo\OneDrive\Skrivbord\Ekranoplan\Manta\Prototype\V2\electronics\sensors\airspeedsensor-MS4525D0\Digital Airspeed Sensor v4.step
Author: Unknown
Organization: Unknown
Source System: Autodesk Translation Framework v12.20.1.177

Hardware:
Processor: Intel(R) Core(TM) i7-8650U CPU @ 1.90GHz
Operating System: Windows 11 Professional Version:24H2 Build:26100 System Type:64-bit
Installed Memory: 15.83 GB

Software Information
Parasolid Version: 35.0.149
PSBodyShop Version: 35.0.82
Step Adapter Version: 11.0.82
Solid Edge Version: 223.00.00.101 x64

Step Import Options
Import Faceted Bodies: On
Import Check Bodies: Off
Import Curves: On
Import DoNotSave: On
Import Multiple Bodies As Single Part File: On
Import Stitch Surfaces: On
Import Boolean Solids: On
Make Base Feature: On
Simplify Geometry: On
Import Imprint Curves: On
Import Drive: C:
Import Stitch Surfaces: On
Import Surfaces: On
Import Output Path: C:\Users\Lenovo\OneDrive\Skrivbord\Ekranoplan\Manta\Prototype\V2\electronics\sensors\airspeedsensor-MS4525D0
Import Enable Default Output Path: On
Import PMI: Off
Import As Internal Components: Off
Import Path: 

Translating to Parasolid data types...
+Begin Assembly: 1
+Created SE Assembly File C:\Users\Lenovo\OneDrive\Skrivbord\Ekranoplan\Manta\Prototype\V2\electronics\sensors\airspeedsensor-MS4525D0\Digital Airspeed Sensor v4.asm
|--+Begin Assembly: 2
|--+Created SE Assembly File C:\Users\Lenovo\OneDrive\Skrivbord\Ekranoplan\Manta\Prototype\V2\electronics\sensors\airspeedsensor-MS4525D0\PCB.asm
|  |--+Created SE Part File C:\Users\Lenovo\OneDrive\Skrivbord\Ekranoplan\Manta\Prototype\V2\electronics\sensors\airspeedsensor-MS4525D0\PCB.par
|  |--+Created SE Part File C:\Users\Lenovo\OneDrive\Skrivbord\Ekranoplan\Manta\Prototype\V2\electronics\sensors\airspeedsensor-MS4525D0\ms4525-ds-p_p2-54_l17-4_w12-4 v1.par
|  |--+Created SE Part File C:\Users\Lenovo\OneDrive\Skrivbord\Ekranoplan\Manta\Prototype\V2\electronics\sensors\airspeedsensor-MS4525D0\CONN HEADER SMD R_A 4POS 1.25MM v1.par
|--+Total Parts: 6
|--+Assemblies: 0
|--+Solid Bodies: 6
|--+Sheet Bodies: 0
|--+End Assembly: 2
+Total Parts: 1
+Assemblies: 1
+Solid Bodies: 0
+Sheet Bodies: 0
+End Assembly: 1
Translation process completed
Total time required to translate and post process:00 : 00 : 03
